<?xml version="1.0" encoding="UTF-8"?>
<testsuite xmlns:xsi="http://www.w3.org/2001/XMLSchema-instance" xsi:noNamespaceSchemaLocation="https://maven.apache.org/surefire/maven-surefire-plugin/xsd/surefire-test-report-3.0.xsd" version="3.0" name="com.mobilab.runners.CukesRunner" time="194.119" tests="24" errors="0" skipped="0" failures="0">
  <properties>
[...]
</properties>
  <testcase name="User should see the new account After new account creation" classname="AccountsList Page" time="12.361">
    <system-out><![CDATA[	this is coming from BEFORE
allRow.size() = 3
aHolderFromAccountListPage = Cedric Bella
balanceFromAccountListPage = 350000
accountHolder = Cedric Bella
balance = 350000
]]></system-out>
    <system-err><![CDATA[SLF4J: Failed to load class "org.slf4j.impl.StaticLoggerBinder".
SLF4J: Defaulting to no-operation (NOP) logger implementation
SLF4J: See http://www.slf4j.org/codes.html#StaticLoggerBinder for further details.
Starting ChromeDriver 87.0.4280.88 (89e2380a3e36c3464b5dd1302349b1382549290d-refs/branch-heads/4280@{#1761}) on port 36903
Only local connections are allowed.
Please see https://chromedriver.chromium.org/security-considerations for suggestions on keeping ChromeDriver safe.
ChromeDriver was started successfully.
Dec 10, 2020 1:48:33 PM org.openqa.selenium.remote.ProtocolHandshake createSession
INFO: Detected dialect: W3C
]]></system-err>
  </testcase>
  <testcase name="Compare Owner Balance before and after Transaction only $ to $ /€ to €" classname="AccountsList Page" time="6.434">
    <system-out><![CDATA[	this is coming from BEFORE
firstBalanceInAccount = 4446.64
lastBalanceInAccount = 4436.64
firstBalanceInAccount = 4446.64
lastBalanceInAccount = 4436.64
balanceFirst = 4446.64
balanceLast = 4436.64
transactionAmount = 10.0
differenceInt = 10.0
]]></system-out>
    <system-err><![CDATA[Starting ChromeDriver 87.0.4280.88 (89e2380a3e36c3464b5dd1302349b1382549290d-refs/branch-heads/4280@{#1761}) on port 16721
Only local connections are allowed.
Please see https://chromedriver.chromium.org/security-considerations for suggestions on keeping ChromeDriver safe.
ChromeDriver was started successfully.
Dec 10, 2020 1:48:44 PM org.openqa.selenium.remote.ProtocolHandshake createSession
INFO: Detected dialect: W3C
]]></system-err>
  </testcase>
  <testcase name="Compare Owner Balance before and after Transaction only $ to $ /€ to €" classname="AccountsList Page" time="6.326">
    <system-out><![CDATA[	this is coming from BEFORE
firstBalanceInAccount = 79773.84
lastBalanceInAccount = 79756.84
firstBalanceInAccount = 79773.84
lastBalanceInAccount = 79756.84
balanceFirst = 79773.84
balanceLast = 79756.84
transactionAmount = 17.0
differenceInt = 17.0
]]></system-out>
    <system-err><![CDATA[Starting ChromeDriver 87.0.4280.88 (89e2380a3e36c3464b5dd1302349b1382549290d-refs/branch-heads/4280@{#1761}) on port 33435
Only local connections are allowed.
Please see https://chromedriver.chromium.org/security-considerations for suggestions on keeping ChromeDriver safe.
ChromeDriver was started successfully.
Dec 10, 2020 1:48:50 PM org.openqa.selenium.remote.ProtocolHandshake createSession
INFO: Detected dialect: W3C
]]></system-err>
  </testcase>
  <testcase name="Valid Data for Owner(AccountHolder)" classname="Create Account Page" time="7.285">
    <system-out><![CDATA[	this is coming from BEFORE
]]></system-out>
    <system-err><![CDATA[Starting ChromeDriver 87.0.4280.88 (89e2380a3e36c3464b5dd1302349b1382549290d-refs/branch-heads/4280@{#1761}) on port 24899
Only local connections are allowed.
Please see https://chromedriver.chromium.org/security-considerations for suggestions on keeping ChromeDriver safe.
ChromeDriver was started successfully.
Dec 10, 2020 1:48:57 PM org.openqa.selenium.remote.ProtocolHandshake createSession
INFO: Detected dialect: W3C
]]></system-err>
  </testcase>
  <testcase name="Valid Data for Owner(AccountHolder)" classname="Create Account Page" time="7.455">
    <system-out><![CDATA[	this is coming from BEFORE
]]></system-out>
    <system-err><![CDATA[Starting ChromeDriver 87.0.4280.88 (89e2380a3e36c3464b5dd1302349b1382549290d-refs/branch-heads/4280@{#1761}) on port 2356
Only local connections are allowed.
Please see https://chromedriver.chromium.org/security-considerations for suggestions on keeping ChromeDriver safe.
ChromeDriver was started successfully.
Dec 10, 2020 1:49:04 PM org.openqa.selenium.remote.ProtocolHandshake createSession
INFO: Detected dialect: W3C
]]></system-err>
  </testcase>
  <testcase name="Valid Data for Owner(AccountHolder)" classname="Create Account Page" time="7.357">
    <system-out><![CDATA[	this is coming from BEFORE
]]></system-out>
    <system-err><![CDATA[Starting ChromeDriver 87.0.4280.88 (89e2380a3e36c3464b5dd1302349b1382549290d-refs/branch-heads/4280@{#1761}) on port 24817
Only local connections are allowed.
Please see https://chromedriver.chromium.org/security-considerations for suggestions on keeping ChromeDriver safe.
ChromeDriver was started successfully.
Dec 10, 2020 1:49:11 PM org.openqa.selenium.remote.ProtocolHandshake createSession
INFO: Detected dialect: W3C
]]></system-err>
  </testcase>
  <testcase name="Valid Data for Owner(AccountHolder)" classname="Create Account Page" time="7.353">
    <system-out><![CDATA[	this is coming from BEFORE
]]></system-out>
    <system-err><![CDATA[Starting ChromeDriver 87.0.4280.88 (89e2380a3e36c3464b5dd1302349b1382549290d-refs/branch-heads/4280@{#1761}) on port 39849
Only local connections are allowed.
Please see https://chromedriver.chromium.org/security-considerations for suggestions on keeping ChromeDriver safe.
ChromeDriver was started successfully.
Dec 10, 2020 1:49:19 PM org.openqa.selenium.remote.ProtocolHandshake createSession
INFO: Detected dialect: W3C
]]></system-err>
  </testcase>
  <testcase name="Invalid data for Owner (AccountHolder)" classname="Create Account Page" time="7.281">
    <system-out><![CDATA[	this is coming from BEFORE
]]></system-out>
    <system-err><![CDATA[Starting ChromeDriver 87.0.4280.88 (89e2380a3e36c3464b5dd1302349b1382549290d-refs/branch-heads/4280@{#1761}) on port 39317
Only local connections are allowed.
Please see https://chromedriver.chromium.org/security-considerations for suggestions on keeping ChromeDriver safe.
ChromeDriver was started successfully.
Dec 10, 2020 1:49:26 PM org.openqa.selenium.remote.ProtocolHandshake createSession
INFO: Detected dialect: W3C
]]></system-err>
  </testcase>
  <testcase name="Invalid data for Owner (AccountHolder)" classname="Create Account Page" time="7.174">
    <system-out><![CDATA[	this is coming from BEFORE
]]></system-out>
    <system-err><![CDATA[Starting ChromeDriver 87.0.4280.88 (89e2380a3e36c3464b5dd1302349b1382549290d-refs/branch-heads/4280@{#1761}) on port 41882
Only local connections are allowed.
Please see https://chromedriver.chromium.org/security-considerations for suggestions on keeping ChromeDriver safe.
ChromeDriver was started successfully.
Dec 10, 2020 1:49:33 PM org.openqa.selenium.remote.ProtocolHandshake createSession
INFO: Detected dialect: W3C
]]></system-err>
  </testcase>
  <testcase name="Create an Account Without Currency (Dollar/Euro)" classname="Create Account Page" time="7.394">
    <system-out><![CDATA[	this is coming from BEFORE
]]></system-out>
    <system-err><![CDATA[Starting ChromeDriver 87.0.4280.88 (89e2380a3e36c3464b5dd1302349b1382549290d-refs/branch-heads/4280@{#1761}) on port 11938
Only local connections are allowed.
Please see https://chromedriver.chromium.org/security-considerations for suggestions on keeping ChromeDriver safe.
ChromeDriver was started successfully.
Dec 10, 2020 1:49:41 PM org.openqa.selenium.remote.ProtocolHandshake createSession
INFO: Detected dialect: W3C
]]></system-err>
  </testcase>
  <testcase name="Verify any character is allowed in Balance" classname="Create Account Page" time="7.289">
    <system-out><![CDATA[	this is coming from BEFORE
]]></system-out>
    <system-err><![CDATA[Starting ChromeDriver 87.0.4280.88 (89e2380a3e36c3464b5dd1302349b1382549290d-refs/branch-heads/4280@{#1761}) on port 31851
Only local connections are allowed.
Please see https://chromedriver.chromium.org/security-considerations for suggestions on keeping ChromeDriver safe.
ChromeDriver was started successfully.
Dec 10, 2020 1:49:48 PM org.openqa.selenium.remote.ProtocolHandshake createSession
INFO: Detected dialect: W3C
]]></system-err>
  </testcase>
  <testcase name="Verify any character is allowed in Balance" classname="Create Account Page" time="7.232">
    <system-out><![CDATA[	this is coming from BEFORE
]]></system-out>
    <system-err><![CDATA[Starting ChromeDriver 87.0.4280.88 (89e2380a3e36c3464b5dd1302349b1382549290d-refs/branch-heads/4280@{#1761}) on port 33105
Only local connections are allowed.
Please see https://chromedriver.chromium.org/security-considerations for suggestions on keeping ChromeDriver safe.
ChromeDriver was started successfully.
Dec 10, 2020 1:49:55 PM org.openqa.selenium.remote.ProtocolHandshake createSession
INFO: Detected dialect: W3C
]]></system-err>
  </testcase>
  <testcase name="Verify any character is allowed in Balance" classname="Create Account Page" time="7.242">
    <system-out><![CDATA[	this is coming from BEFORE
]]></system-out>
    <system-err><![CDATA[Starting ChromeDriver 87.0.4280.88 (89e2380a3e36c3464b5dd1302349b1382549290d-refs/branch-heads/4280@{#1761}) on port 22978
Only local connections are allowed.
Please see https://chromedriver.chromium.org/security-considerations for suggestions on keeping ChromeDriver safe.
ChromeDriver was started successfully.
Dec 10, 2020 1:50:02 PM org.openqa.selenium.remote.ProtocolHandshake createSession
INFO: Detected dialect: W3C
]]></system-err>
  </testcase>
  <testcase name="Verify any character is allowed in Balance" classname="Create Account Page" time="7.34">
    <system-out><![CDATA[	this is coming from BEFORE
]]></system-out>
    <system-err><![CDATA[Starting ChromeDriver 87.0.4280.88 (89e2380a3e36c3464b5dd1302349b1382549290d-refs/branch-heads/4280@{#1761}) on port 1800
Only local connections are allowed.
Please see https://chromedriver.chromium.org/security-considerations for suggestions on keeping ChromeDriver safe.
ChromeDriver was started successfully.
Dec 10, 2020 1:50:10 PM org.openqa.selenium.remote.ProtocolHandshake createSession
INFO: Detected dialect: W3C
]]></system-err>
  </testcase>
  <testcase name="Verify any &quot;O&quot; (Zero) is allowed in Balance in the beginning" classname="Create Account Page" time="7.455">
    <system-out><![CDATA[	this is coming from BEFORE
]]></system-out>
    <system-err><![CDATA[Starting ChromeDriver 87.0.4280.88 (89e2380a3e36c3464b5dd1302349b1382549290d-refs/branch-heads/4280@{#1761}) on port 22648
Only local connections are allowed.
Please see https://chromedriver.chromium.org/security-considerations for suggestions on keeping ChromeDriver safe.
ChromeDriver was started successfully.
Dec 10, 2020 1:50:17 PM org.openqa.selenium.remote.ProtocolHandshake createSession
INFO: Detected dialect: W3C
]]></system-err>
  </testcase>
  <testcase name="Verify any &quot;O&quot; (Zero) is allowed in Balance in the beginning" classname="Create Account Page" time="7.408">
    <system-out><![CDATA[	this is coming from BEFORE
]]></system-out>
    <system-err><![CDATA[Starting ChromeDriver 87.0.4280.88 (89e2380a3e36c3464b5dd1302349b1382549290d-refs/branch-heads/4280@{#1761}) on port 10198
Only local connections are allowed.
Please see https://chromedriver.chromium.org/security-considerations for suggestions on keeping ChromeDriver safe.
ChromeDriver was started successfully.
Dec 10, 2020 1:50:24 PM org.openqa.selenium.remote.ProtocolHandshake createSession
INFO: Detected dialect: W3C
]]></system-err>
  </testcase>
  <testcase name="Verify any &quot;.&quot; (dot) is allowed in Balance" classname="Create Account Page" time="7.418">
    <system-out><![CDATA[	this is coming from BEFORE
]]></system-out>
    <system-err><![CDATA[Starting ChromeDriver 87.0.4280.88 (89e2380a3e36c3464b5dd1302349b1382549290d-refs/branch-heads/4280@{#1761}) on port 6021
Only local connections are allowed.
Please see https://chromedriver.chromium.org/security-considerations for suggestions on keeping ChromeDriver safe.
ChromeDriver was started successfully.
Dec 10, 2020 1:50:32 PM org.openqa.selenium.remote.ProtocolHandshake createSession
INFO: Detected dialect: W3C
]]></system-err>
  </testcase>
  <testcase name="Verify any &quot;.&quot; (dot) is allowed in Balance" classname="Create Account Page" time="7.435">
    <system-out><![CDATA[	this is coming from BEFORE
]]></system-out>
    <system-err><![CDATA[Starting ChromeDriver 87.0.4280.88 (89e2380a3e36c3464b5dd1302349b1382549290d-refs/branch-heads/4280@{#1761}) on port 14429
Only local connections are allowed.
Please see https://chromedriver.chromium.org/security-considerations for suggestions on keeping ChromeDriver safe.
ChromeDriver was started successfully.
Dec 10, 2020 1:50:39 PM org.openqa.selenium.remote.ProtocolHandshake createSession
INFO: Detected dialect: W3C
]]></system-err>
  </testcase>
  <testcase name="Valid Data for Transaction" classname="Create Transaction Page" time="10.388">
    <system-out><![CDATA[	this is coming from BEFORE
63
Select account
rew
Cedric Bella
Nobert Nowak
Fatih Gulen
Jerald Greenawalt
Arnoldo Meade
46456 5643
Hubert Blaine Wolfeschlegelsteinhausenbergerdorf
H F
Carlos Mark
Carlos Mark
Carlos Mark
Marlys Brassard
Flora Stumpf
Cedric Bella
Nobert Nowak
Fatih Gulen
Jerald Greenawalt
Arnoldo Meade
46456 5643
Hubert Blaine Wolfeschlegelsteinhausenbergerdorf
H F
Carlos Mark
Carlos Mark
Carlos Mark
Marlys Brassard
Flora Stumpf
Cedric Bella
Nobert Nowak
Fatih Gulen
Jerald Greenawalt
Arnoldo Meade
46456 5643
Hubert Blaine Wolfeschlegelsteinhausenbergerdorf
H F
Carlos Mark
Carlos Mark
Carlos Mark
Marlys Brassard
Flora Stumpf
Cedric Bella
Nobert Nowak
Fatih Gulen
Jerald Greenawalt
Arnoldo Meade
46456 5643
H F
Carlos Mark
Carlos Mark
Carlos Mark
Marlys Brassard
Flora Stumpf
Cedric Bella
Nobert Nowak
Fatih Gulen
Jerald Greenawalt
Arnoldo Meade
Carlos Mark
Carlos Mark
Carlos Mark
Marlys Brassard
Flora Stumpf
]]></system-out>
    <system-err><![CDATA[Starting ChromeDriver 87.0.4280.88 (89e2380a3e36c3464b5dd1302349b1382549290d-refs/branch-heads/4280@{#1761}) on port 15209
Only local connections are allowed.
Please see https://chromedriver.chromium.org/security-considerations for suggestions on keeping ChromeDriver safe.
ChromeDriver was started successfully.
Dec 10, 2020 1:50:47 PM org.openqa.selenium.remote.ProtocolHandshake createSession
INFO: Detected dialect: W3C
]]></system-err>
  </testcase>
  <testcase name="Valid Data for Transaction" classname="Create Transaction Page" time="10.031">
    <system-out><![CDATA[	this is coming from BEFORE
63
Select account
rew
Cedric Bella
Nobert Nowak
Fatih Gulen
Jerald Greenawalt
Arnoldo Meade
46456 5643
Hubert Blaine Wolfeschlegelsteinhausenbergerdorf
H F
Carlos Mark
Carlos Mark
Carlos Mark
Marlys Brassard
Flora Stumpf
Cedric Bella
Nobert Nowak
Fatih Gulen
Jerald Greenawalt
Arnoldo Meade
46456 5643
Hubert Blaine Wolfeschlegelsteinhausenbergerdorf
H F
Carlos Mark
Carlos Mark
Carlos Mark
Marlys Brassard
Flora Stumpf
Cedric Bella
Nobert Nowak
Fatih Gulen
Jerald Greenawalt
Arnoldo Meade
46456 5643
Hubert Blaine Wolfeschlegelsteinhausenbergerdorf
H F
Carlos Mark
Carlos Mark
Carlos Mark
Marlys Brassard
Flora Stumpf
Cedric Bella
Nobert Nowak
Fatih Gulen
Jerald Greenawalt
Arnoldo Meade
46456 5643
H F
Carlos Mark
Carlos Mark
Carlos Mark
Marlys Brassard
Flora Stumpf
Cedric Bella
Nobert Nowak
Fatih Gulen
Jerald Greenawalt
Arnoldo Meade
Carlos Mark
Carlos Mark
Carlos Mark
Marlys Brassard
Flora Stumpf
]]></system-out>
    <system-err><![CDATA[Starting ChromeDriver 87.0.4280.88 (89e2380a3e36c3464b5dd1302349b1382549290d-refs/branch-heads/4280@{#1761}) on port 19721
Only local connections are allowed.
Please see https://chromedriver.chromium.org/security-considerations for suggestions on keeping ChromeDriver safe.
ChromeDriver was started successfully.
Dec 10, 2020 1:50:57 PM org.openqa.selenium.remote.ProtocolHandshake createSession
INFO: Detected dialect: W3C
]]></system-err>
  </testcase>
  <testcase name="Valid Data for Transaction" classname="Create Transaction Page" time="10.026">
    <system-out><![CDATA[	this is coming from BEFORE
63
Select account
rew
Cedric Bella
Nobert Nowak
Fatih Gulen
Jerald Greenawalt
Arnoldo Meade
46456 5643
Hubert Blaine Wolfeschlegelsteinhausenbergerdorf
H F
Carlos Mark
Carlos Mark
Carlos Mark
Marlys Brassard
Flora Stumpf
Cedric Bella
Nobert Nowak
Fatih Gulen
Jerald Greenawalt
Arnoldo Meade
46456 5643
Hubert Blaine Wolfeschlegelsteinhausenbergerdorf
H F
Carlos Mark
Carlos Mark
Carlos Mark
Marlys Brassard
Flora Stumpf
Cedric Bella
Nobert Nowak
Fatih Gulen
Jerald Greenawalt
Arnoldo Meade
46456 5643
Hubert Blaine Wolfeschlegelsteinhausenbergerdorf
H F
Carlos Mark
Carlos Mark
Carlos Mark
Marlys Brassard
Flora Stumpf
Cedric Bella
Nobert Nowak
Fatih Gulen
Jerald Greenawalt
Arnoldo Meade
46456 5643
H F
Carlos Mark
Carlos Mark
Carlos Mark
Marlys Brassard
Flora Stumpf
Cedric Bella
Nobert Nowak
Fatih Gulen
Jerald Greenawalt
Arnoldo Meade
Carlos Mark
Carlos Mark
Carlos Mark
Marlys Brassard
Flora Stumpf
]]></system-out>
    <system-err><![CDATA[Starting ChromeDriver 87.0.4280.88 (89e2380a3e36c3464b5dd1302349b1382549290d-refs/branch-heads/4280@{#1761}) on port 38664
Only local connections are allowed.
Please see https://chromedriver.chromium.org/security-considerations for suggestions on keeping ChromeDriver safe.
ChromeDriver was started successfully.
Dec 10, 2020 1:51:07 PM org.openqa.selenium.remote.ProtocolHandshake createSession
INFO: Detected dialect: W3C
]]></system-err>
  </testcase>
  <testcase name="Valid Data for Transaction" classname="Create Transaction Page" time="10.272">
    <system-out><![CDATA[	this is coming from BEFORE
63
Select account
rew
Cedric Bella
Nobert Nowak
Fatih Gulen
Jerald Greenawalt
Arnoldo Meade
46456 5643
Hubert Blaine Wolfeschlegelsteinhausenbergerdorf
H F
Carlos Mark
Carlos Mark
Carlos Mark
Marlys Brassard
Flora Stumpf
Cedric Bella
Nobert Nowak
Fatih Gulen
Jerald Greenawalt
Arnoldo Meade
46456 5643
Hubert Blaine Wolfeschlegelsteinhausenbergerdorf
H F
Carlos Mark
Carlos Mark
Carlos Mark
Marlys Brassard
Flora Stumpf
Cedric Bella
Nobert Nowak
Fatih Gulen
Jerald Greenawalt
Arnoldo Meade
46456 5643
Hubert Blaine Wolfeschlegelsteinhausenbergerdorf
H F
Carlos Mark
Carlos Mark
Carlos Mark
Marlys Brassard
Flora Stumpf
Cedric Bella
Nobert Nowak
Fatih Gulen
Jerald Greenawalt
Arnoldo Meade
46456 5643
H F
Carlos Mark
Carlos Mark
Carlos Mark
Marlys Brassard
Flora Stumpf
Cedric Bella
Nobert Nowak
Fatih Gulen
Jerald Greenawalt
Arnoldo Meade
Carlos Mark
Carlos Mark
Carlos Mark
Marlys Brassard
Flora Stumpf
]]></system-out>
    <system-err><![CDATA[Starting ChromeDriver 87.0.4280.88 (89e2380a3e36c3464b5dd1302349b1382549290d-refs/branch-heads/4280@{#1761}) on port 31012
Only local connections are allowed.
Please see https://chromedriver.chromium.org/security-considerations for suggestions on keeping ChromeDriver safe.
ChromeDriver was started successfully.
Dec 10, 2020 1:51:17 PM org.openqa.selenium.remote.ProtocolHandshake createSession
INFO: Detected dialect: W3C
]]></system-err>
  </testcase>
  <testcase name="Verify Transaction after Transaction in TransactionList Page" classname="TransactionList Page" time="8.356">
    <system-out><![CDATA[	this is coming from BEFORE
ownerList.size() = 63
lists.getText() = Select account
lists.getText() = rew
lists.getText() = Cedric Bella
lists.getText() = Nobert Nowak
lists.getText() = Fatih Gulen
lists.getText() = Jerald Greenawalt
lists.getText() = Arnoldo Meade
lists.getText() = 46456 5643
lists.getText() = Hubert Blaine Wolfeschlegelsteinhausenbergerdorf
lists.getText() = H F
lists.getText() = Carlos Mark
lists.getText() = Carlos Mark
lists.getText() = Carlos Mark
lists.getText() = Marlys Brassard
lists.getText() = Flora Stumpf
lists.getText() = Cedric Bella
lists.getText() = Nobert Nowak
lists.getText() = Fatih Gulen
lists.getText() = Jerald Greenawalt
lists.getText() = Arnoldo Meade
lists.getText() = 46456 5643
lists.getText() = Hubert Blaine Wolfeschlegelsteinhausenbergerdorf
lists.getText() = H F
lists.getText() = Carlos Mark
lists.getText() = Carlos Mark
lists.getText() = Carlos Mark
lists.getText() = Marlys Brassard
lists.getText() = Flora Stumpf
lists.getText() = Cedric Bella
lists.getText() = Nobert Nowak
lists.getText() = Fatih Gulen
lists.getText() = Jerald Greenawalt
lists.getText() = Arnoldo Meade
lists.getText() = 46456 5643
lists.getText() = Hubert Blaine Wolfeschlegelsteinhausenbergerdorf
lists.getText() = H F
lists.getText() = Carlos Mark
lists.getText() = Carlos Mark
lists.getText() = Carlos Mark
lists.getText() = Marlys Brassard
lists.getText() = Flora Stumpf
lists.getText() = Cedric Bella
lists.getText() = Nobert Nowak
lists.getText() = Fatih Gulen
lists.getText() = Jerald Greenawalt
lists.getText() = Arnoldo Meade
lists.getText() = 46456 5643
lists.getText() = H F
lists.getText() = Carlos Mark
lists.getText() = Carlos Mark
lists.getText() = Carlos Mark
lists.getText() = Marlys Brassard
lists.getText() = Flora Stumpf
lists.getText() = Cedric Bella
lists.getText() = Nobert Nowak
lists.getText() = Fatih Gulen
lists.getText() = Jerald Greenawalt
lists.getText() = Arnoldo Meade
lists.getText() = Carlos Mark
lists.getText() = Carlos Mark
lists.getText() = Carlos Mark
lists.getText() = Marlys Brassard
lists.getText() = Flora Stumpf
balanceFromAccountListPage = 2020-12-10 13:51:31
aHolderFromAccountListPage = Jerald Greenawalt
idFromAccountListPage = 5e5ce0a4-de21-47e9-a66f-2d42a0b92dc0
]]></system-out>
    <system-err><![CDATA[Starting ChromeDriver 87.0.4280.88 (89e2380a3e36c3464b5dd1302349b1382549290d-refs/branch-heads/4280@{#1761}) on port 38570
Only local connections are allowed.
Please see https://chromedriver.chromium.org/security-considerations for suggestions on keeping ChromeDriver safe.
ChromeDriver was started successfully.
Dec 10, 2020 1:51:27 PM org.openqa.selenium.remote.ProtocolHandshake createSession
INFO: Detected dialect: W3C
]]></system-err>
  </testcase>
  <testcase name="Verify Transaction after Transaction in TransactionList Page" classname="TransactionList Page" time="8.347">
    <system-out><![CDATA[	this is coming from BEFORE
ownerList.size() = 63
lists.getText() = Select account
lists.getText() = rew
lists.getText() = Cedric Bella
lists.getText() = Nobert Nowak
lists.getText() = Fatih Gulen
lists.getText() = Jerald Greenawalt
lists.getText() = Arnoldo Meade
lists.getText() = 46456 5643
lists.getText() = Hubert Blaine Wolfeschlegelsteinhausenbergerdorf
lists.getText() = H F
lists.getText() = Carlos Mark
lists.getText() = Carlos Mark
lists.getText() = Carlos Mark
lists.getText() = Marlys Brassard
lists.getText() = Flora Stumpf
lists.getText() = Cedric Bella
lists.getText() = Nobert Nowak
lists.getText() = Fatih Gulen
lists.getText() = Jerald Greenawalt
lists.getText() = Arnoldo Meade
lists.getText() = 46456 5643
lists.getText() = Hubert Blaine Wolfeschlegelsteinhausenbergerdorf
lists.getText() = H F
lists.getText() = Carlos Mark
lists.getText() = Carlos Mark
lists.getText() = Carlos Mark
lists.getText() = Marlys Brassard
lists.getText() = Flora Stumpf
lists.getText() = Cedric Bella
lists.getText() = Nobert Nowak
lists.getText() = Fatih Gulen
lists.getText() = Jerald Greenawalt
lists.getText() = Arnoldo Meade
lists.getText() = 46456 5643
lists.getText() = Hubert Blaine Wolfeschlegelsteinhausenbergerdorf
lists.getText() = H F
lists.getText() = Carlos Mark
lists.getText() = Carlos Mark
lists.getText() = Carlos Mark
lists.getText() = Marlys Brassard
lists.getText() = Flora Stumpf
lists.getText() = Cedric Bella
lists.getText() = Nobert Nowak
lists.getText() = Fatih Gulen
lists.getText() = Jerald Greenawalt
lists.getText() = Arnoldo Meade
lists.getText() = 46456 5643
lists.getText() = H F
lists.getText() = Carlos Mark
lists.getText() = Carlos Mark
lists.getText() = Carlos Mark
lists.getText() = Marlys Brassard
lists.getText() = Flora Stumpf
lists.getText() = Cedric Bella
lists.getText() = Nobert Nowak
lists.getText() = Fatih Gulen
lists.getText() = Jerald Greenawalt
lists.getText() = Arnoldo Meade
lists.getText() = Carlos Mark
lists.getText() = Carlos Mark
lists.getText() = Carlos Mark
lists.getText() = Marlys Brassard
lists.getText() = Flora Stumpf
balanceFromAccountListPage = 2020-12-10 13:51:31
aHolderFromAccountListPage = Jerald Greenawalt
idFromAccountListPage = 5e5ce0a4-de21-47e9-a66f-2d42a0b92dc0
]]></system-out>
    <system-err><![CDATA[Starting ChromeDriver 87.0.4280.88 (89e2380a3e36c3464b5dd1302349b1382549290d-refs/branch-heads/4280@{#1761}) on port 7808
Only local connections are allowed.
Please see https://chromedriver.chromium.org/security-considerations for suggestions on keeping ChromeDriver safe.
ChromeDriver was started successfully.
Dec 10, 2020 1:51:36 PM org.openqa.selenium.remote.ProtocolHandshake createSession
INFO: Detected dialect: W3C
]]></system-err>
  </testcase>
</testsuite>